  imgui.cpp
  imgui_demo.cpp
  imgui_draw.cpp
  imgui_impl_dx9.cpp
  imgui_impl_win32.cpp
  imgui_spectrum.cpp
  imgui_widgets.cpp
  ImGui-UI.cpp
E:\CppCode\ImGui-UI\ImGui-UI.cpp(187,79): warning C4244: “参数”: 从“double”转换到“float”，可能丢失数据
E:\CppCode\ImGui-UI\ImGui-UI.cpp(202,79): warning C4244: “参数”: 从“double”转换到“float”，可能丢失数据
E:\CppCode\ImGui-UI\ImGui-UI.cpp(205,79): warning C4244: “参数”: 从“double”转换到“float”，可能丢失数据
E:\CppCode\ImGui-UI\ImGui-UI.cpp(210,79): warning C4244: “参数”: 从“double”转换到“float”，可能丢失数据
E:\CppCode\ImGui-UI\ImGui-UI.cpp(217,79): warning C4244: “参数”: 从“double”转换到“float”，可能丢失数据
E:\CppCode\ImGui-UI\ImGui-UI.cpp(253,79): warning C4244: “参数”: 从“double”转换到“float”，可能丢失数据
E:\CppCode\ImGui-UI\ImGui-UI.cpp(256,79): warning C4244: “参数”: 从“double”转换到“float”，可能丢失数据
E:\CppCode\ImGui-UI\ImGui-UI.cpp(259,79): warning C4244: “参数”: 从“double”转换到“float”，可能丢失数据
E:\CppCode\ImGui-UI\ImGui-UI.cpp(262,79): warning C4244: “参数”: 从“double”转换到“float”，可能丢失数据
E:\CppCode\ImGui-UI\ImGui-UI.cpp(265,79): warning C4244: “参数”: 从“double”转换到“float”，可能丢失数据
E:\CppCode\ImGui-UI\ImGui-UI.cpp(268,79): warning C4244: “参数”: 从“double”转换到“float”，可能丢失数据
E:\CppCode\ImGui-UI\ImGui-UI.cpp(271,79): warning C4244: “参数”: 从“double”转换到“float”，可能丢失数据
E:\CppCode\ImGui-UI\ImGui-UI.cpp(274,79): warning C4244: “参数”: 从“double”转换到“float”，可能丢失数据
E:\CppCode\ImGui-UI\ImGui-UI.cpp(279,79): warning C4244: “参数”: 从“double”转换到“float”，可能丢失数据
  正在生成代码
  Previous IPDB not found, fall back to full compilation.
  All 1607 functions were compiled because no usable IPDB/IOBJ from previous compilation was found.
  已完成代码的生成
  WeChatTool.vcxproj -> E:\CppCode\ImGui-UI\x64\Release\ImGui-UI.exe
